<?xml version="1.0" encoding="UTF-8"?>
<!-- Generated by org.testng.reporters.JUnitReportReporter -->
<testsuite skipped="0" hostname="Sarvesh" name="testAutomation.FooterLinkOpen" tests="1" failures="0" timestamp="01 Nov 2018 02:30:34 GMT" time="49.578" errors="0">
  <testcase name="linkOpen" time="49.578" classname="testAutomation.FooterLinkOpen"/>
</testsuite> <!-- testAutomation.FooterLinkOpen -->
