<?xml version="1.0" encoding="UTF-8"?>
<!-- Generated by org.testng.reporters.JUnitReportReporter -->
<testsuite skipped="0" hostname="Sarvesh" name="testAutomation.AddAddress" tests="1" failures="0" timestamp="01 Nov 2018 02:30:34 GMT" time="18.286" errors="0">
  <testcase name="addNewAddress" time="18.286" classname="testAutomation.AddAddress"/>
</testsuite> <!-- testAutomation.AddAddress -->
