<?xml version="1.0" encoding="UTF-8"?>
<!-- Generated by org.testng.reporters.JUnitReportReporter -->
<testsuite skipped="0" hostname="Sarvesh" name="testAutomation.Homepage" tests="1" failures="0" timestamp="01 Nov 2018 02:30:34 GMT" time="27.715" errors="0">
  <testcase name="baseNavigation" time="27.715" classname="testAutomation.Homepage"/>
</testsuite> <!-- testAutomation.Homepage -->
